\BOOKMARK [0][-]{section*.1}{\376\377\000D\000e\000c\000l\000a\000r\000a\000t\000i\000o\000n\000\040\000o\000f\000\040\000A\000u\000t\000h\000o\000r\000s\000h\000i\000p}{}% 1
\BOOKMARK [0][-]{chapter.4}{\376\377\0001\000\040\000B\000e\000v\000e\000z\000e\000t\000\351\000s}{}% 2
\BOOKMARK [1][-]{section.5}{\376\377\0001\000.\0001\000\040\000M\000o\000t\000i\000v\000\341\000c\000i\000\363}{chapter.4}% 3
\BOOKMARK [1][-]{section.8}{\376\377\0001\000.\0002\000\040\000C\000\351\000l\000k\000i\000t\001\161\000z\000\351\000s}{chapter.4}% 4
\BOOKMARK [0][-]{chapter.13}{\376\377\0002\000\040\000T\000e\000c\000h\000n\000o\000l\000\363\000g\000i\000\341\000k}{}% 5
\BOOKMARK [1][-]{section.14}{\376\377\0002\000.\0001\000\040\000E\000l\000m\000\351\000l\000e\000t\000e\000i\000\040\000A\000l\000a\000p\000o\000k}{chapter.13}% 6
\BOOKMARK [1][-]{section.15}{\376\377\0002\000.\0002\000\040\000T\000e\000c\000h\000n\000o\000l\000\363\000g\000i\000\341\000k}{chapter.13}% 7
\BOOKMARK [2][-]{subsection.16}{\376\377\0002\000.\0002\000.\0001\000\040\000M\000a\000v\000e\000n}{section.15}% 8
\BOOKMARK [2][-]{subsection.18}{\376\377\0002\000.\0002\000.\0002\000\040\000J\000a\000v\000a\000,\000\040\000J\000U\000n\000i\000t}{section.15}% 9
\BOOKMARK [2][-]{subsection.22}{\376\377\0002\000.\0002\000.\0003\000\040\000M\000y\000S\000Q\000L}{section.15}% 10
\BOOKMARK [2][-]{subsection.24}{\376\377\0002\000.\0002\000.\0004\000\040\000V\000i\000r\000t\000u\000a\000l\000i\000z\000\341\000c\000i\000\363\000,\000\040\000H\000\341\000l\000\363\000z\000a\000t}{section.15}% 11
\BOOKMARK [2][-]{subsection.25}{\376\377\0002\000.\0002\000.\0005\000\040\000J\000e\000n\000k\000i\000n\000s}{section.15}% 12
\BOOKMARK [2][-]{subsection.27}{\376\377\0002\000.\0002\000.\0006\000\040\000N\000e\000x\000u\000s}{section.15}% 13
\BOOKMARK [0][-]{chapter.28}{\376\377\0003\000\040\000T\000e\000r\000v\000e\000z\000\351\000s}{}% 14
\BOOKMARK [1][-]{section.29}{\376\377\0003\000.\0001\000\040\000H\000o\000n\000n\000a\000n\000\040\000h\000o\000v\000a\000\040\000j\000u\000t\000u\000n\000k}{chapter.28}% 15
\BOOKMARK [1][-]{section.30}{\376\377\0003\000.\0002\000\040\000H\000o\000g\000y\000a\000n\000?}{chapter.28}% 16
\BOOKMARK [1][-]{section.31}{\376\377\0003\000.\0003\000\040\000F\000o\000r\000m\000\341\000l\000i\000s\000\040\000l\000e\000\355\000r\000\341\000s}{chapter.28}% 17
\BOOKMARK [1][-]{section.32}{\376\377\0003\000.\0004\000\040\000L\000\351\000p\000\351\000s\000e\000k\000\040\000\050\000l\000o\000g\000i\000k\000a\000i\000l\000a\000g\000\051}{chapter.28}% 18
\BOOKMARK [2][-]{subsection.33}{\376\377\0003\000.\0004\000.\0001\000\040\000S\000z\000e\000r\000v\000e\000r\000e\000k}{section.32}% 19
\BOOKMARK [0][-]{chapter.34}{\376\377\0004\000\040\000I\000m\000p\000l\000e\000m\000e\000n\000t\000\341\000c\000i\000\363}{}% 20
\BOOKMARK [1][-]{section.35}{\376\377\0004\000.\0001\000\040\000S\000z\000e\000r\000v\000e\000r\000e\000k}{chapter.34}% 21
\BOOKMARK [0][-]{chapter.43}{\376\377\0005\000\040\000T\000e\000s\000z\000t\000e\000l\000\351\000s}{}% 22
\BOOKMARK [0][-]{chapter.44}{\376\377\0006\000\040\000\326\000s\000s\000z\000e\000f\000o\000g\000l\000a\000l\000\341\000s}{}% 23
